********************************************************************************
DUPLICATOR-LITE PACKAGE-LOG: 28 November, 2017 09:29
NOTICE: Do NOT post to public sites or forums 
********************************************************************************
VERSION:	1.2.30
WORDPRESS:	4.7.7
PHP INFO:	5.6.30-7+deb.sury.org~xenial+1 | SAPI: fpm-fcgi
SERVER:		nginx/1.10.2 
PHP TIME LIMIT: (0) no time limit imposed 
PHP MAX MEMORY: 2048M (128M default) 
MEMORY STACK: 47.25MB 

********************************************************************************
DATABASE:
********************************************************************************
BUILD MODE:   MYSQLDUMP
MYSQLTIMEOUT: 5000
MYSQLDUMP:    Is Supported 
FILTERED: [] 
RESPONSE: mysqldump: [Warning] Using a password on the command line interface can be insecure.
 
TABLES: total:15 | filtered:0 | create:15 
SQL CREATED: 20171128_blogsemillaslowcost_d391e83c538c327c8990171128092829_database.sql 
SQL FILE SIZE: 2.06MB (2156625) 
SQL FILE TIME: 2017-11-28 09:29:47 
SQL RUNTIME: 0.22 sec. 

******************************************************************************** 
ARCHIVE (ZIP): 
******************************************************************************** 
ARCHIVE DIR:  /var/www/html/blog 
ARCHIVE FILE: 20171128_blogsemillaslowcost_d391e83c538c327c8990171128092829_archive.zip 
FILTERS: *OFF* 
DIRS:
	not set 
FILES:
	not set 
EXTS:  not set 
---------------------------------------- 
COMPRESSING 
SIZE:	132.97MB 
STATS:	Dirs 839 | Files 6,191 
SQL ADDED: 20171128_blogsemillaslowcost_d391e83c538c327c8990171128092829_database.sql 
ZipArchive Object
(
    [status] => 0
    [statusSys] => 0
    [numFiles] => 7030
    [filename] => /var/www/html/blog/wp-snapshots/tmp/20171128_blogsemillaslowcost_d391e83c538c327c8990171128092829_archive.zip
    [comment] => 
)
 
COMPRESSION RESULT: '1' 
COMPRESSED SIZE: 99.29MB 
ARCHIVE RUNTIME: 13.83 sec. 
MEMORY STACK: 49.5MB 

******************************************************************************** 
MAKE INSTALLER: 
******************************************************************************** 
Build Start 
Build Finished 
Preping for use 
PACK SIZE:  
Template parsed with new data 
Complete [/var/www/html/blog/wp-snapshots/tmp/20171128_blogsemillaslowcost_d391e83c538c327c8990171128092829_installer.php] 
Added to archive 

******************************************************************************** 
INTEGRITY CHECKS: 
******************************************************************************** 
SQL File: 2.06MB 
Installer File: 443.38KB 
Archive File: 99.29MB  

********************************************************************************
RECORD ID:[1]
TOTAL PROCESS RUNTIME: 15.34 sec.
PEAK PHP MEMORY USED: 51.5MB
DONE PROCESSING => 20171128_blogsemillaslowcost 28 November, 2017 09:30
 
